[WEB [31merror[39m] : 2023-02-07 05:02:57.882 PM [31muncaughtException: An uncaught error[39m
[31mError: An uncaught error[39m
[31m    at Object.<anonymous> (C:\Users\kuman\Desktop\logging\index.js:8:7)[39m
[31m    at Module._compile (node:internal/modules/cjs/loader:1126:14)[39m
[31m    at Object.Module._extensions..js (node:internal/modules/cjs/loader:1180:10)[39m
[31m    at Module.load (node:internal/modules/cjs/loader:1004:32)[39m
[31m    at Function.Module._load (node:internal/modules/cjs/loader:839:12)[39m
[31m    at Function.executeUserEntryPoint [as runMain] (node:internal/modules/run_main:81:12)[39m
[31m    at node:internal/main/run_main_module:17:47[39m
[WEB [31merror[39m] : 2023-02-07 05:53:29.594 PM [31muncaughtException: winston is not defined[39m
[31mReferenceError: winston is not defined[39m
[31m    at Object.<anonymous> (C:\Users\kuman\Desktop\logging\index.js:8:38)[39m
[31m    at Module._compile (node:internal/modules/cjs/loader:1126:14)[39m
[31m    at Object.Module._extensions..js (node:internal/modules/cjs/loader:1180:10)[39m
[31m    at Module.load (node:internal/modules/cjs/loader:1004:32)[39m
[31m    at Function.Module._load (node:internal/modules/cjs/loader:839:12)[39m
[31m    at Function.executeUserEntryPoint [as runMain] (node:internal/modules/run_main:81:12)[39m
[31m    at node:internal/main/run_main_module:17:47[39m
[WEB [31merror[39m] : 2023-02-07 05:53:40.684 PM [31muncaughtException: winston is not defined[39m
[31mReferenceError: winston is not defined[39m
[31m    at Object.<anonymous> (C:\Users\kuman\Desktop\logging\index.js:8:38)[39m
[31m    at Module._compile (node:internal/modules/cjs/loader:1126:14)[39m
[31m    at Object.Module._extensions..js (node:internal/modules/cjs/loader:1180:10)[39m
[31m    at Module.load (node:internal/modules/cjs/loader:1004:32)[39m
[31m    at Function.Module._load (node:internal/modules/cjs/loader:839:12)[39m
[31m    at Function.executeUserEntryPoint [as runMain] (node:internal/modules/run_main:81:12)[39m
[31m    at node:internal/main/run_main_module:17:47[39m
[WEB [31merror[39m] : 2023-02-07 05:54:36.312 PM [31muncaughtException: winston is not defined[39m
[31mReferenceError: winston is not defined[39m
[31m    at Object.<anonymous> (C:\Users\kuman\Desktop\logging\server.js:8:38)[39m
[31m    at Module._compile (node:internal/modules/cjs/loader:1126:14)[39m
[31m    at Object.Module._extensions..js (node:internal/modules/cjs/loader:1180:10)[39m
[31m    at Module.load (node:internal/modules/cjs/loader:1004:32)[39m
[31m    at Function.Module._load (node:internal/modules/cjs/loader:839:12)[39m
[31m    at Function.executeUserEntryPoint [as runMain] (node:internal/modules/run_main:81:12)[39m
[31m    at node:internal/main/run_main_module:17:47[39m
[WEB [31merror[39m] : 2023-02-07 05:56:14.665 PM [31muncaughtException: winston is not defined[39m
[31mReferenceError: winston is not defined[39m
[31m    at Object.<anonymous> (C:\Users\kuman\Desktop\logging\index.js:8:38)[39m
[31m    at Module._compile (node:internal/modules/cjs/loader:1126:14)[39m
[31m    at Object.Module._extensions..js (node:internal/modules/cjs/loader:1180:10)[39m
[31m    at Module.load (node:internal/modules/cjs/loader:1004:32)[39m
[31m    at Function.Module._load (node:internal/modules/cjs/loader:839:12)[39m
[31m    at Function.executeUserEntryPoint [as runMain] (node:internal/modules/run_main:81:12)[39m
[31m    at node:internal/main/run_main_module:17:47[39m
[WEB [31merror[39m] : 2023-02-07 05:56:25.422 PM [31muncaughtException: winston is not defined[39m
[31mReferenceError: winston is not defined[39m
[31m    at Object.<anonymous> (C:\Users\kuman\Desktop\logging\index.js:8:38)[39m
[31m    at Module._compile (node:internal/modules/cjs/loader:1126:14)[39m
[31m    at Object.Module._extensions..js (node:internal/modules/cjs/loader:1180:10)[39m
[31m    at Module.load (node:internal/modules/cjs/loader:1004:32)[39m
[31m    at Function.Module._load (node:internal/modules/cjs/loader:839:12)[39m
[31m    at Function.executeUserEntryPoint [as runMain] (node:internal/modules/run_main:81:12)[39m
[31m    at node:internal/main/run_main_module:17:47[39m
[WEB [31merror[39m] : 2023-02-07 05:56:44.558 PM [31muncaughtException: winston is not defined[39m
[31mReferenceError: winston is not defined[39m
[31m    at Object.<anonymous> (C:\Users\kuman\Desktop\logging\index.js:8:38)[39m
[31m    at Module._compile (node:internal/modules/cjs/loader:1126:14)[39m
[31m    at Object.Module._extensions..js (node:internal/modules/cjs/loader:1180:10)[39m
[31m    at Module.load (node:internal/modules/cjs/loader:1004:32)[39m
[31m    at Function.Module._load (node:internal/modules/cjs/loader:839:12)[39m
[31m    at Function.executeUserEntryPoint [as runMain] (node:internal/modules/run_main:81:12)[39m
[31m    at node:internal/main/run_main_module:17:47[39m
